build/app/intermediates/manifest_merge_blame_file/release/manifest-merger-blame-release-report.txt
1<?xml version="1.0" encoding="utf-8"?>
2<manifest xmlns:android="http://schemas.android.com/apk/res/android"
3    package="com.example.todo_app"
4    android:versionCode="1"
5    android:versionName="1.0.0" >
6
7    <uses-sdk
8        android:minSdkVersion="24"
9        android:targetSdkVersion="35" />
10    <!-- Add internet permission -->
11    <uses-permission android:name="android.permission.INTERNET" />
11-->src\main\AndroidManifest.xml:3:5-66
11-->src\main\AndroidManifest.xml:3:22-64
12    <!--
13         Required to query activities that can process text, see:
14         https://developer.android.com/training/package-visibility and
15         https://developer.android.com/reference/android/content/Intent#ACTION_PROCESS_TEXT.
16
17         In particular, this is used by the Flutter engine in io.flutter.plugin.text.ProcessTextPlugin.
18    -->
19    <queries>
19-->src\main\AndroidManifest.xml:51:5-78:15
20        <intent>
20-->src\main\AndroidManifest.xml:52:9-55:18
21            <action android:name="android.intent.action.PROCESS_TEXT" />
21-->src\main\AndroidManifest.xml:53:13-72
21-->src\main\AndroidManifest.xml:53:21-70
22
23            <data android:mimeType="text/plain" />
23-->src\main\AndroidManifest.xml:54:13-50
23-->src\main\AndroidManifest.xml:54:19-48
24        </intent>
25
26        <!-- Add queries for browser, maps and video call apps -->
27        <intent>
27-->src\main\AndroidManifest.xml:58:9-61:18
28            <action android:name="android.intent.action.VIEW" />
28-->src\main\AndroidManifest.xml:59:13-65
28-->src\main\AndroidManifest.xml:59:21-62
29
30            <data android:scheme="https" />
30-->src\main\AndroidManifest.xml:54:13-50
30-->src\main\AndroidManifest.xml:36:23-44
31        </intent>
32        <intent>
32-->src\main\AndroidManifest.xml:62:9-65:18
33            <action android:name="android.intent.action.VIEW" />
33-->src\main\AndroidManifest.xml:59:13-65
33-->src\main\AndroidManifest.xml:59:21-62
34
35            <data android:scheme="http" />
35-->src\main\AndroidManifest.xml:54:13-50
35-->src\main\AndroidManifest.xml:36:23-44
36        </intent>
37        <intent>
37-->src\main\AndroidManifest.xml:66:9-69:18
38            <action android:name="android.intent.action.VIEW" />
38-->src\main\AndroidManifest.xml:59:13-65
38-->src\main\AndroidManifest.xml:59:21-62
39
40            <data android:scheme="geo" />
40-->src\main\AndroidManifest.xml:54:13-50
40-->src\main\AndroidManifest.xml:36:23-44
41        </intent>
42        <intent>
42-->src\main\AndroidManifest.xml:70:9-73:18
43            <action android:name="android.intent.action.VIEW" />
43-->src\main\AndroidManifest.xml:59:13-65
43-->src\main\AndroidManifest.xml:59:21-62
44
45            <data android:scheme="google.navigation" />
45-->src\main\AndroidManifest.xml:54:13-50
45-->src\main\AndroidManifest.xml:36:23-44
46        </intent>
47        <intent>
47-->src\main\AndroidManifest.xml:74:9-77:18
48            <action android:name="android.intent.action.VIEW" />
48-->src\main\AndroidManifest.xml:59:13-65
48-->src\main\AndroidManifest.xml:59:21-62
49
50            <data
50-->src\main\AndroidManifest.xml:54:13-50
51                android:host="*"
51-->src\main\AndroidManifest.xml:76:41-57
52                android:scheme="meet" />
52-->src\main\AndroidManifest.xml:36:23-44
53        </intent>
54    </queries>
55
56    <uses-permission android:name="android.permission.ACCESS_NETWORK_STATE" />
56-->[com.google.firebase:firebase-auth:23.2.0] AndroidManifest.xml:26:5-79
56-->[com.google.firebase:firebase-auth:23.2.0] AndroidManifest.xml:26:22-76
57    <uses-permission android:name="android.permission.WAKE_LOCK" />
57-->[com.google.android.gms:play-services-measurement:22.4.0] AndroidManifest.xml:25:5-68
57-->[com.google.android.gms:play-services-measurement:22.4.0] AndroidManifest.xml:25:22-65
58    <uses-permission android:name="com.google.android.finsky.permission.BIND_GET_INSTALL_REFERRER_SERVICE" />
58-->[com.google.android.gms:play-services-measurement:22.4.0] AndroidManifest.xml:26:5-110
58-->[com.google.android.gms:play-services-measurement:22.4.0] AndroidManifest.xml:26:22-107
59    <uses-permission android:name="com.google.android.gms.permission.AD_ID" />
59-->[com.google.android.gms:play-services-measurement-api:22.4.0] AndroidManifest.xml:25:5-79
59-->[com.google.android.gms:play-services-measurement-api:22.4.0] AndroidManifest.xml:25:22-76
60    <uses-permission android:name="android.permission.ACCESS_ADSERVICES_ATTRIBUTION" />
60-->[com.google.android.gms:play-services-measurement-api:22.4.0] AndroidManifest.xml:26:5-88
60-->[com.google.android.gms:play-services-measurement-api:22.4.0] AndroidManifest.xml:26:22-85
61    <uses-permission android:name="android.permission.ACCESS_ADSERVICES_AD_ID" />
61-->[com.google.android.gms:play-services-measurement-api:22.4.0] AndroidManifest.xml:27:5-82
61-->[com.google.android.gms:play-services-measurement-api:22.4.0] AndroidManifest.xml:27:22-79
62    <uses-permission android:name="com.google.android.providers.gsf.permission.READ_GSERVICES" />
62-->[com.google.android.recaptcha:recaptcha:18.6.1] AndroidManifest.xml:9:5-98
62-->[com.google.android.recaptcha:recaptcha:18.6.1] AndroidManifest.xml:9:22-95
63
64    <permission
64-->[androidx.core:core:1.13.1] AndroidManifest.xml:22:5-24:47
65        android:name="com.example.todo_app.DYNAMIC_RECEIVER_NOT_EXPORTED_PERMISSION"
65-->[androidx.core:core:1.13.1] AndroidManifest.xml:23:9-81
66        android:protectionLevel="signature" />
66-->[androidx.core:core:1.13.1] AndroidManifest.xml:24:9-44
67
68    <uses-permission android:name="com.example.todo_app.DYNAMIC_RECEIVER_NOT_EXPORTED_PERMISSION" />
68-->[androidx.core:core:1.13.1] AndroidManifest.xml:26:5-97
68-->[androidx.core:core:1.13.1] AndroidManifest.xml:26:22-94
69
70    <application
71        android:name="android.app.Application"
71-->src\main\AndroidManifest.xml:7:9-42
72        android:appComponentFactory="androidx.core.app.CoreComponentFactory"
72-->[androidx.core:core:1.13.1] AndroidManifest.xml:28:18-86
73        android:extractNativeLibs="false"
74        android:icon="@mipmap/ic_launcher"
74-->src\main\AndroidManifest.xml:8:9-43
75        android:label="Task Hive" >
75-->src\main\AndroidManifest.xml:6:9-34
76        <activity
76-->src\main\AndroidManifest.xml:9:9-39:20
77            android:name="com.example.todo_app.MainActivity"
77-->src\main\AndroidManifest.xml:10:13-41
78            android:configChanges="orientation|keyboardHidden|keyboard|screenSize|smallestScreenSize|locale|layoutDirection|fontScale|screenLayout|density|uiMode"
78-->src\main\AndroidManifest.xml:15:13-163
79            android:exported="true"
79-->src\main\AndroidManifest.xml:11:13-36
80            android:hardwareAccelerated="true"
80-->src\main\AndroidManifest.xml:16:13-47
81            android:launchMode="singleTop"
81-->src\main\AndroidManifest.xml:12:13-43
82            android:taskAffinity=""
82-->src\main\AndroidManifest.xml:13:13-36
83            android:theme="@style/LaunchTheme"
83-->src\main\AndroidManifest.xml:14:13-47
84            android:windowSoftInputMode="adjustResize" >
84-->src\main\AndroidManifest.xml:17:13-55
85
86            <!--
87                 Specifies an Android theme to apply to this Activity as soon as
88                 the Android process has started. This theme is visible to the user
89                 while the Flutter UI initializes. After that, this theme continues
90                 to determine the Window background behind the Flutter UI.
91            -->
92            <meta-data
92-->src\main\AndroidManifest.xml:22:13-25:17
93                android:name="io.flutter.embedding.android.NormalTheme"
93-->src\main\AndroidManifest.xml:23:15-70
94                android:resource="@style/NormalTheme" />
94-->src\main\AndroidManifest.xml:24:15-52
95
96            <intent-filter>
96-->src\main\AndroidManifest.xml:26:13-29:29
97                <action android:name="android.intent.action.MAIN" />
97-->src\main\AndroidManifest.xml:27:17-68
97-->src\main\AndroidManifest.xml:27:25-66
98
99                <category android:name="android.intent.category.LAUNCHER" />
99-->src\main\AndroidManifest.xml:28:17-76
99-->src\main\AndroidManifest.xml:28:27-74
100            </intent-filter>
101
102            <!-- Add ability to handle URL schemes -->
103            <intent-filter>
103-->src\main\AndroidManifest.xml:32:13-38:29
104                <action android:name="android.intent.action.VIEW" />
104-->src\main\AndroidManifest.xml:59:13-65
104-->src\main\AndroidManifest.xml:59:21-62
105
106                <category android:name="android.intent.category.DEFAULT" />
106-->src\main\AndroidManifest.xml:34:17-76
106-->src\main\AndroidManifest.xml:34:27-73
107                <category android:name="android.intent.category.BROWSABLE" />
107-->src\main\AndroidManifest.xml:35:17-78
107-->src\main\AndroidManifest.xml:35:27-75
108
109                <data android:scheme="http" />
109-->src\main\AndroidManifest.xml:54:13-50
109-->src\main\AndroidManifest.xml:36:23-44
110                <data android:scheme="https" />
110-->src\main\AndroidManifest.xml:54:13-50
110-->src\main\AndroidManifest.xml:36:23-44
111            </intent-filter>
112        </activity>
113        <!--
114             Don't delete the meta-data below.
115             This is used by the Flutter tool to generate GeneratedPluginRegistrant.java
116        -->
117        <meta-data
117-->src\main\AndroidManifest.xml:42:9-44:33
118            android:name="flutterEmbedding"
118-->src\main\AndroidManifest.xml:43:13-44
119            android:value="2" />
119-->src\main\AndroidManifest.xml:44:13-30
120
121        <service
121-->[:cloud_firestore] AndroidManifest.xml:8:9-12:19
122            android:name="com.google.firebase.components.ComponentDiscoveryService"
122-->[:cloud_firestore] AndroidManifest.xml:8:18-89
123            android:directBootAware="true"
123-->[com.google.firebase:firebase-common:21.0.0] AndroidManifest.xml:32:13-43
124            android:exported="false" >
124-->[com.google.firebase:firebase-auth:23.2.0] AndroidManifest.xml:68:13-37
125            <meta-data
125-->[:cloud_firestore] AndroidManifest.xml:9:13-11:85
126                android:name="com.google.firebase.components:io.flutter.plugins.firebase.firestore.FlutterFirebaseFirestoreRegistrar"
126-->[:cloud_firestore] AndroidManifest.xml:10:17-134
127                android:value="com.google.firebase.components.ComponentRegistrar" />
127-->[:cloud_firestore] AndroidManifest.xml:11:17-82
128            <meta-data
128-->[:firebase_app_check] AndroidManifest.xml:9:13-11:85
129                android:name="com.google.firebase.components:io.flutter.plugins.firebase.appcheck.FlutterFirebaseAppRegistrar"
129-->[:firebase_app_check] AndroidManifest.xml:10:17-127
130                android:value="com.google.firebase.components.ComponentRegistrar" />
130-->[:firebase_app_check] AndroidManifest.xml:11:17-82
131            <meta-data
131-->[:firebase_auth] AndroidManifest.xml:9:13-11:85
132                android:name="com.google.firebase.components:io.flutter.plugins.firebase.auth.FlutterFirebaseAuthRegistrar"
132-->[:firebase_auth] AndroidManifest.xml:10:17-124
133                android:value="com.google.firebase.components.ComponentRegistrar" />
133-->[:firebase_auth] AndroidManifest.xml:11:17-82
134            <meta-data
134-->[:firebase_storage] AndroidManifest.xml:9:13-11:85
135                android:name="com.google.firebase.components:io.flutter.plugins.firebase.storage.FlutterFirebaseAppRegistrar"
135-->[:firebase_storage] AndroidManifest.xml:10:17-126
136                android:value="com.google.firebase.components.ComponentRegistrar" />
136-->[:firebase_storage] AndroidManifest.xml:11:17-82
137            <meta-data
137-->[:firebase_core] AndroidManifest.xml:9:13-11:85
138                android:name="com.google.firebase.components:io.flutter.plugins.firebase.core.FlutterFirebaseCoreRegistrar"
138-->[:firebase_core] AndroidManifest.xml:10:17-124
139                android:value="com.google.firebase.components.ComponentRegistrar" />
139-->[:firebase_core] AndroidManifest.xml:11:17-82
140            <meta-data
140-->[com.google.firebase:firebase-auth:23.2.0] AndroidManifest.xml:69:13-71:85
141                android:name="com.google.firebase.components:com.google.firebase.auth.FirebaseAuthRegistrar"
141-->[com.google.firebase:firebase-auth:23.2.0] AndroidManifest.xml:70:17-109
142                android:value="com.google.firebase.components.ComponentRegistrar" />
142-->[com.google.firebase:firebase-auth:23.2.0] AndroidManifest.xml:71:17-82
143            <meta-data
143-->[com.google.firebase:firebase-firestore:25.1.3] AndroidManifest.xml:17:13-19:85
144                android:name="com.google.firebase.components:com.google.firebase.firestore.FirebaseFirestoreKtxRegistrar"
144-->[com.google.firebase:firebase-firestore:25.1.3] AndroidManifest.xml:18:17-122
145                android:value="com.google.firebase.components.ComponentRegistrar" />
145-->[com.google.firebase:firebase-firestore:25.1.3] AndroidManifest.xml:19:17-82
146            <meta-data
146-->[com.google.firebase:firebase-firestore:25.1.3] AndroidManifest.xml:20:13-22:85
147                android:name="com.google.firebase.components:com.google.firebase.firestore.FirestoreRegistrar"
147-->[com.google.firebase:firebase-firestore:25.1.3] AndroidManifest.xml:21:17-111
148                android:value="com.google.firebase.components.ComponentRegistrar" />
148-->[com.google.firebase:firebase-firestore:25.1.3] AndroidManifest.xml:22:17-82
149            <meta-data
149-->[com.google.firebase:firebase-storage:21.0.1] AndroidManifest.xml:30:13-32:85
150                android:name="com.google.firebase.components:com.google.firebase.storage.FirebaseStorageKtxRegistrar"
150-->[com.google.firebase:firebase-storage:21.0.1] AndroidManifest.xml:31:17-118
151                android:value="com.google.firebase.components.ComponentRegistrar" />
151-->[com.google.firebase:firebase-storage:21.0.1] AndroidManifest.xml:32:17-82
152            <meta-data
152-->[com.google.firebase:firebase-storage:21.0.1] AndroidManifest.xml:33:13-35:85
153                android:name="com.google.firebase.components:com.google.firebase.storage.StorageRegistrar"
153-->[com.google.firebase:firebase-storage:21.0.1] AndroidManifest.xml:34:17-107
154                android:value="com.google.firebase.components.ComponentRegistrar" />
154-->[com.google.firebase:firebase-storage:21.0.1] AndroidManifest.xml:35:17-82
155            <meta-data
155-->[com.google.android.gms:play-services-measurement-api:22.4.0] AndroidManifest.xml:33:13-35:85
156                android:name="com.google.firebase.components:com.google.firebase.analytics.connector.internal.AnalyticsConnectorRegistrar"
156-->[com.google.android.gms:play-services-measurement-api:22.4.0] AndroidManifest.xml:34:17-139
157                android:value="com.google.firebase.components.ComponentRegistrar" />
157-->[com.google.android.gms:play-services-measurement-api:22.4.0] AndroidManifest.xml:35:17-82
158            <meta-data
158-->[com.google.firebase:firebase-appcheck-safetynet:16.1.2] AndroidManifest.xml:27:13-29:85
159                android:name="com.google.firebase.components:com.google.firebase.appcheck.safetynet.FirebaseAppCheckSafetyNetRegistrar"
159-->[com.google.firebase:firebase-appcheck-safetynet:16.1.2] AndroidManifest.xml:28:17-136
160                android:value="com.google.firebase.components.ComponentRegistrar" />
160-->[com.google.firebase:firebase-appcheck-safetynet:16.1.2] AndroidManifest.xml:29:17-82
161            <meta-data
161-->[com.google.firebase:firebase-appcheck-playintegrity:18.0.0] AndroidManifest.xml:25:13-27:85
162                android:name="com.google.firebase.components:com.google.firebase.appcheck.playintegrity.FirebaseAppCheckPlayIntegrityRegistrar"
162-->[com.google.firebase:firebase-appcheck-playintegrity:18.0.0] AndroidManifest.xml:26:17-144
163                android:value="com.google.firebase.components.ComponentRegistrar" />
163-->[com.google.firebase:firebase-appcheck-playintegrity:18.0.0] AndroidManifest.xml:27:17-82
164            <meta-data
164-->[com.google.firebase:firebase-appcheck-debug:18.0.0] AndroidManifest.xml:25:13-27:85
165                android:name="com.google.firebase.components:com.google.firebase.appcheck.debug.FirebaseAppCheckDebugRegistrar"
165-->[com.google.firebase:firebase-appcheck-debug:18.0.0] AndroidManifest.xml:26:17-128
166                android:value="com.google.firebase.components.ComponentRegistrar" />
166-->[com.google.firebase:firebase-appcheck-debug:18.0.0] AndroidManifest.xml:27:17-82
167            <meta-data
167-->[com.google.firebase:firebase-appcheck:18.0.0] AndroidManifest.xml:25:13-27:85
168                android:name="com.google.firebase.components:com.google.firebase.appcheck.FirebaseAppCheckKtxRegistrar"
168-->[com.google.firebase:firebase-appcheck:18.0.0] AndroidManifest.xml:26:17-120
169                android:value="com.google.firebase.components.ComponentRegistrar" />
169-->[com.google.firebase:firebase-appcheck:18.0.0] AndroidManifest.xml:27:17-82
170            <meta-data
170-->[com.google.firebase:firebase-appcheck:18.0.0] AndroidManifest.xml:28:13-30:85
171                android:name="com.google.firebase.components:com.google.firebase.appcheck.FirebaseAppCheckRegistrar"
171-->[com.google.firebase:firebase-appcheck:18.0.0] AndroidManifest.xml:29:17-117
172                android:value="com.google.firebase.components.ComponentRegistrar" />
172-->[com.google.firebase:firebase-appcheck:18.0.0] AndroidManifest.xml:30:17-82
173            <meta-data
173-->[com.google.firebase:firebase-installations:18.0.0] AndroidManifest.xml:15:13-17:85
174                android:name="com.google.firebase.components:com.google.firebase.installations.FirebaseInstallationsKtxRegistrar"
174-->[com.google.firebase:firebase-installations:18.0.0] AndroidManifest.xml:16:17-130
175                android:value="com.google.firebase.components.ComponentRegistrar" />
175-->[com.google.firebase:firebase-installations:18.0.0] AndroidManifest.xml:17:17-82
176            <meta-data
176-->[com.google.firebase:firebase-installations:18.0.0] AndroidManifest.xml:18:13-20:85
177                android:name="com.google.firebase.components:com.google.firebase.installations.FirebaseInstallationsRegistrar"
177-->[com.google.firebase:firebase-installations:18.0.0] AndroidManifest.xml:19:17-127
178                android:value="com.google.firebase.components.ComponentRegistrar" />
178-->[com.google.firebase:firebase-installations:18.0.0] AndroidManifest.xml:20:17-82
179            <meta-data
179-->[com.google.firebase:firebase-common-ktx:21.0.0] AndroidManifest.xml:12:13-14:85
180                android:name="com.google.firebase.components:com.google.firebase.ktx.FirebaseCommonLegacyRegistrar"
180-->[com.google.firebase:firebase-common-ktx:21.0.0] AndroidManifest.xml:13:17-116
181                android:value="com.google.firebase.components.ComponentRegistrar" />
181-->[com.google.firebase:firebase-common-ktx:21.0.0] AndroidManifest.xml:14:17-82
182            <meta-data
182-->[com.google.firebase:firebase-common:21.0.0] AndroidManifest.xml:35:13-37:85
183                android:name="com.google.firebase.components:com.google.firebase.FirebaseCommonKtxRegistrar"
183-->[com.google.firebase:firebase-common:21.0.0] AndroidManifest.xml:36:17-109
184                android:value="com.google.firebase.components.ComponentRegistrar" />
184-->[com.google.firebase:firebase-common:21.0.0] AndroidManifest.xml:37:17-82
185        </service>
186
187        <activity
187-->[com.google.firebase:firebase-auth:23.2.0] AndroidManifest.xml:29:9-46:20
188            android:name="com.google.firebase.auth.internal.GenericIdpActivity"
188-->[com.google.firebase:firebase-auth:23.2.0] AndroidManifest.xml:30:13-80
189            android:excludeFromRecents="true"
189-->[com.google.firebase:firebase-auth:23.2.0] AndroidManifest.xml:31:13-46
190            android:exported="true"
190-->[com.google.firebase:firebase-auth:23.2.0] AndroidManifest.xml:32:13-36
191            android:launchMode="singleTask"
191-->[com.google.firebase:firebase-auth:23.2.0] AndroidManifest.xml:33:13-44
192            android:theme="@android:style/Theme.Translucent.NoTitleBar" >
192-->[com.google.firebase:firebase-auth:23.2.0] AndroidManifest.xml:34:13-72
193            <intent-filter>
193-->[com.google.firebase:firebase-auth:23.2.0] AndroidManifest.xml:35:13-45:29
194                <action android:name="android.intent.action.VIEW" />
194-->src\main\AndroidManifest.xml:59:13-65
194-->src\main\AndroidManifest.xml:59:21-62
195
196                <category android:name="android.intent.category.DEFAULT" />
196-->src\main\AndroidManifest.xml:34:17-76
196-->src\main\AndroidManifest.xml:34:27-73
197                <category android:name="android.intent.category.BROWSABLE" />
197-->src\main\AndroidManifest.xml:35:17-78
197-->src\main\AndroidManifest.xml:35:27-75
198
199                <data
199-->src\main\AndroidManifest.xml:54:13-50
200                    android:host="firebase.auth"
200-->src\main\AndroidManifest.xml:76:41-57
201                    android:path="/"
202                    android:scheme="genericidp" />
202-->src\main\AndroidManifest.xml:36:23-44
203            </intent-filter>
204        </activity>
205        <activity
205-->[com.google.firebase:firebase-auth:23.2.0] AndroidManifest.xml:47:9-64:20
206            android:name="com.google.firebase.auth.internal.RecaptchaActivity"
206-->[com.google.firebase:firebase-auth:23.2.0] AndroidManifest.xml:48:13-79
207            android:excludeFromRecents="true"
207-->[com.google.firebase:firebase-auth:23.2.0] AndroidManifest.xml:49:13-46
208            android:exported="true"
208-->[com.google.firebase:firebase-auth:23.2.0] AndroidManifest.xml:50:13-36
209            android:launchMode="singleTask"
209-->[com.google.firebase:firebase-auth:23.2.0] AndroidManifest.xml:51:13-44
210            android:theme="@android:style/Theme.Translucent.NoTitleBar" >
210-->[com.google.firebase:firebase-auth:23.2.0] AndroidManifest.xml:52:13-72
211            <intent-filter>
211-->[com.google.firebase:firebase-auth:23.2.0] AndroidManifest.xml:53:13-63:29
212                <action android:name="android.intent.action.VIEW" />
212-->src\main\AndroidManifest.xml:59:13-65
212-->src\main\AndroidManifest.xml:59:21-62
213
214                <category android:name="android.intent.category.DEFAULT" />
214-->src\main\AndroidManifest.xml:34:17-76
214-->src\main\AndroidManifest.xml:34:27-73
215                <category android:name="android.intent.category.BROWSABLE" />
215-->src\main\AndroidManifest.xml:35:17-78
215-->src\main\AndroidManifest.xml:35:27-75
216
217                <data
217-->src\main\AndroidManifest.xml:54:13-50
218                    android:host="firebase.auth"
218-->src\main\AndroidManifest.xml:76:41-57
219                    android:path="/"
220                    android:scheme="recaptcha" />
220-->src\main\AndroidManifest.xml:36:23-44
221            </intent-filter>
222        </activity>
223        <activity
223-->[:url_launcher_android] AndroidManifest.xml:8:9-11:74
224            android:name="io.flutter.plugins.urllauncher.WebViewActivity"
224-->[:url_launcher_android] AndroidManifest.xml:9:13-74
225            android:exported="false"
225-->[:url_launcher_android] AndroidManifest.xml:10:13-37
226            android:theme="@android:style/Theme.NoTitleBar.Fullscreen" />
226-->[:url_launcher_android] AndroidManifest.xml:11:13-71
227
228        <uses-library
228-->[androidx.window:window:1.2.0] AndroidManifest.xml:23:9-25:40
229            android:name="androidx.window.extensions"
229-->[androidx.window:window:1.2.0] AndroidManifest.xml:24:13-54
230            android:required="false" />
230-->[androidx.window:window:1.2.0] AndroidManifest.xml:25:13-37
231        <uses-library
231-->[androidx.window:window:1.2.0] AndroidManifest.xml:26:9-28:40
232            android:name="androidx.window.sidecar"
232-->[androidx.window:window:1.2.0] AndroidManifest.xml:27:13-51
233            android:required="false" />
233-->[androidx.window:window:1.2.0] AndroidManifest.xml:28:13-37
234
235        <receiver
235-->[com.google.android.gms:play-services-measurement:22.4.0] AndroidManifest.xml:29:9-33:20
236            android:name="com.google.android.gms.measurement.AppMeasurementReceiver"
236-->[com.google.android.gms:play-services-measurement:22.4.0] AndroidManifest.xml:30:13-85
237            android:enabled="true"
237-->[com.google.android.gms:play-services-measurement:22.4.0] AndroidManifest.xml:31:13-35
238            android:exported="false" >
238-->[com.google.android.gms:play-services-measurement:22.4.0] AndroidManifest.xml:32:13-37
239        </receiver>
240
241        <service
241-->[com.google.android.gms:play-services-measurement:22.4.0] AndroidManifest.xml:35:9-38:40
242            android:name="com.google.android.gms.measurement.AppMeasurementService"
242-->[com.google.android.gms:play-services-measurement:22.4.0] AndroidManifest.xml:36:13-84
243            android:enabled="true"
243-->[com.google.android.gms:play-services-measurement:22.4.0] AndroidManifest.xml:37:13-35
244            android:exported="false" />
244-->[com.google.android.gms:play-services-measurement:22.4.0] AndroidManifest.xml:38:13-37
245        <service
245-->[com.google.android.gms:play-services-measurement:22.4.0] AndroidManifest.xml:39:9-43:72
246            android:name="com.google.android.gms.measurement.AppMeasurementJobService"
246-->[com.google.android.gms:play-services-measurement:22.4.0] AndroidManifest.xml:40:13-87
247            android:enabled="true"
247-->[com.google.android.gms:play-services-measurement:22.4.0] AndroidManifest.xml:41:13-35
248            android:exported="false"
248-->[com.google.android.gms:play-services-measurement:22.4.0] AndroidManifest.xml:42:13-37
249            android:permission="android.permission.BIND_JOB_SERVICE" />
249-->[com.google.android.gms:play-services-measurement:22.4.0] AndroidManifest.xml:43:13-69
250        <service
250-->[androidx.credentials:credentials-play-services-auth:1.2.0-rc01] AndroidManifest.xml:24:9-32:19
251            android:name="androidx.credentials.playservices.CredentialProviderMetadataHolder"
251-->[androidx.credentials:credentials-play-services-auth:1.2.0-rc01] AndroidManifest.xml:25:13-94
252            android:enabled="true"
252-->[androidx.credentials:credentials-play-services-auth:1.2.0-rc01] AndroidManifest.xml:26:13-35
253            android:exported="false" >
253-->[androidx.credentials:credentials-play-services-auth:1.2.0-rc01] AndroidManifest.xml:27:13-37
254            <meta-data
254-->[androidx.credentials:credentials-play-services-auth:1.2.0-rc01] AndroidManifest.xml:29:13-31:104
255                android:name="androidx.credentials.CREDENTIAL_PROVIDER_KEY"
255-->[androidx.credentials:credentials-play-services-auth:1.2.0-rc01] AndroidManifest.xml:30:17-76
256                android:value="androidx.credentials.playservices.CredentialProviderPlayServicesImpl" />
256-->[androidx.credentials:credentials-play-services-auth:1.2.0-rc01] AndroidManifest.xml:31:17-101
257        </service>
258
259        <activity
259-->[androidx.credentials:credentials-play-services-auth:1.2.0-rc01] AndroidManifest.xml:34:9-41:20
260            android:name="androidx.credentials.playservices.HiddenActivity"
260-->[androidx.credentials:credentials-play-services-auth:1.2.0-rc01] AndroidManifest.xml:35:13-76
261            android:configChanges="orientation|screenSize|screenLayout|keyboardHidden"
261-->[androidx.credentials:credentials-play-services-auth:1.2.0-rc01] AndroidManifest.xml:36:13-87
262            android:enabled="true"
262-->[androidx.credentials:credentials-play-services-auth:1.2.0-rc01] AndroidManifest.xml:37:13-35
263            android:exported="false"
263-->[androidx.credentials:credentials-play-services-auth:1.2.0-rc01] AndroidManifest.xml:38:13-37
264            android:fitsSystemWindows="true"
264-->[androidx.credentials:credentials-play-services-auth:1.2.0-rc01] AndroidManifest.xml:39:13-45
265            android:theme="@style/Theme.Hidden" >
265-->[androidx.credentials:credentials-play-services-auth:1.2.0-rc01] AndroidManifest.xml:40:13-48
266        </activity>
267        <activity
267-->[com.google.android.gms:play-services-auth:20.7.0] AndroidManifest.xml:23:9-27:75
268            android:name="com.google.android.gms.auth.api.signin.internal.SignInHubActivity"
268-->[com.google.android.gms:play-services-auth:20.7.0] AndroidManifest.xml:24:13-93
269            android:excludeFromRecents="true"
269-->[com.google.android.gms:play-services-auth:20.7.0] AndroidManifest.xml:25:13-46
270            android:exported="false"
270-->[com.google.android.gms:play-services-auth:20.7.0] AndroidManifest.xml:26:13-37
271            android:theme="@android:style/Theme.Translucent.NoTitleBar" />
271-->[com.google.android.gms:play-services-auth:20.7.0] AndroidManifest.xml:27:13-72
272        <!--
273            Service handling Google Sign-In user revocation. For apps that do not integrate with
274            Google Sign-In, this service will never be started.
275        -->
276        <service
276-->[com.google.android.gms:play-services-auth:20.7.0] AndroidManifest.xml:33:9-37:51
277            android:name="com.google.android.gms.auth.api.signin.RevocationBoundService"
277-->[com.google.android.gms:play-services-auth:20.7.0] AndroidManifest.xml:34:13-89
278            android:exported="true"
278-->[com.google.android.gms:play-services-auth:20.7.0] AndroidManifest.xml:35:13-36
279            android:permission="com.google.android.gms.auth.api.signin.permission.REVOCATION_NOTIFICATION"
279-->[com.google.android.gms:play-services-auth:20.7.0] AndroidManifest.xml:36:13-107